TN:
SF:src/app.ts
FNF:0
FNH:0
DA:7,7
DA:8,7
DA:9,7
DA:11,7
DA:12,7
LF:5
LH:5
BRF:0
BRH:0
end_of_record
TN:
SF:src/database.ts
FNF:0
FNH:0
DA:3,13
DA:4,13
LF:2
LH:2
BRF:0
BRH:0
end_of_record
TN:
SF:src/controllers/recommendationController.ts
FN:6,insert
FN:17,upvote
FN:25,downvote
FN:33,random
FN:39,get
FN:44,getTop
FN:51,getById
FNF:7
FNH:7
FNDA:12,insert
FNDA:2,upvote
FNDA:2,downvote
FNDA:1,random
FNDA:1,get
FNDA:1,getTop
FNDA:1,getById
DA:7,12
DA:8,12
DA:9,4
DA:12,8
DA:14,7
DA:18,2
DA:20,2
DA:22,2
DA:26,2
DA:28,2
DA:30,2
DA:34,1
DA:36,1
DA:40,1
DA:41,1
DA:45,1
DA:47,1
DA:48,1
DA:52,1
DA:54,1
DA:55,1
DA:58,7
LF:22
LH:22
BRDA:8,0,0,4
BRF:1
BRH:1
end_of_record
TN:
SF:src/middlewares/errorHandlerMiddleware.ts
FN:8,errorHandlerMiddleware
FNF:1
FNH:1
FNDA:5,errorHandlerMiddleware
DA:16,5
DA:17,5
DA:20,0
LF:3
LH:2
BRDA:16,0,0,5
BRF:1
BRH:1
end_of_record
TN:
SF:src/repositories/recommendationRepository.ts
FN:5,create
FN:16,findAll
FN:26,getAmountByScore
FN:33,getFindAllFilter
FN:45,find
FN:51,findByName
FN:57,updateScore
FN:66,remove
FNF:8
FNH:7
FNDA:7,create
FNDA:2,findAll
FNDA:1,getAmountByScore
FNDA:2,getFindAllFilter
FNDA:5,find
FNDA:8,findByName
FNDA:4,updateScore
FNDA:0,remove
DA:6,7
DA:17,2
DA:19,2
DA:27,1
DA:36,2
DA:38,1
DA:40,1
DA:46,5
DA:52,8
DA:58,4
DA:67,0
DA:72,13
LF:12
LH:11
BRDA:36,0,0,1
BRF:1
BRH:1
end_of_record
TN:
SF:src/routers/recommendationRouter.ts
FNF:0
FNH:0
DA:4,7
DA:6,7
DA:7,7
DA:8,7
DA:9,7
DA:10,7
DA:11,7
DA:12,7
LF:8
LH:8
BRF:0
BRH:0
end_of_record
TN:
SF:src/schemas/recommendationsSchemas.ts
FNF:0
FNH:0
DA:4,7
DA:6,7
LF:2
LH:2
BRF:0
BRH:0
end_of_record
TN:
SF:src/services/recommendationsService.ts
FN:7,insert
FN:17,upvote
FN:23,downvote
FN:36,getByIdOrFail
FN:43,get
FN:47,getTop
FN:51,getRandom
FN:64,getByScore
FN:77,getScoreFilter
FNF:9
FNH:9
FNDA:10,insert
FNDA:4,upvote
FNDA:4,downvote
FNDA:9,getByIdOrFail
FNDA:2,get
FNDA:2,getTop
FNDA:4,getRandom
FNDA:4,getByScore
FNDA:4,getScoreFilter
DA:8,10
DA:11,10
DA:12,2
DA:14,8
DA:18,4
DA:20,3
DA:24,4
DA:26,4
DA:31,4
DA:32,1
DA:37,9
DA:38,9
DA:40,8
DA:44,2
DA:48,2
DA:52,4
DA:53,4
DA:55,4
DA:56,4
DA:57,1
DA:60,3
DA:61,3
DA:65,4
DA:70,4
DA:71,3
DA:74,1
DA:78,4
DA:79,3
DA:82,1
DA:85,13
LF:30
LH:30
BRDA:11,0,0,2
BRDA:31,1,0,1
BRDA:38,2,0,1
BRDA:56,3,0,1
BRDA:70,4,0,3
BRDA:78,5,0,3
BRF:6
BRH:6
end_of_record
TN:
SF:src/utils/errorUtils.ts
FN:7,isAppError
FN:11,errorTypeToStatusCode
FN:19,conflictError
FN:23,notFoundError
FN:27,unauthorizedError
FN:31,wrongSchemaError
FNF:6
FNH:5
FNDA:5,isAppError
FNDA:5,errorTypeToStatusCode
FNDA:2,conflictError
FNDA:2,notFoundError
FNDA:0,unauthorizedError
FNDA:4,wrongSchemaError
DA:8,5
DA:12,5
DA:13,4
DA:14,4
DA:15,4
DA:16,0
DA:20,2
DA:24,2
DA:28,0
DA:32,4
LF:10
LH:8
BRDA:12,0,0,1
BRDA:13,1,0,0
BRDA:14,2,0,0
BRDA:15,3,0,4
BRDA:20,4,0,2
BRDA:20,4,1,0
BRDA:20,5,0,2
BRDA:20,5,1,2
BRDA:24,6,0,0
BRDA:24,6,1,2
BRDA:24,7,0,2
BRDA:24,7,1,2
BRDA:28,8,0,0
BRDA:28,8,1,0
BRDA:28,9,0,0
BRDA:28,9,1,0
BRDA:32,10,0,0
BRDA:32,10,1,4
BRDA:32,11,0,4
BRDA:32,11,1,4
BRF:20
BRH:11
end_of_record
TN:
SF:tests/Factories/newRecommendationFactories.ts
FN:1,bodyNewRecomendation
FNF:1
FNH:1
FNDA:9,bodyNewRecomendation
DA:2,9
DA:7,9
LF:2
LH:2
BRF:0
BRH:0
end_of_record
TN:
SF:tests/Utils/createManyRecommendations.ts
FN:4,createManyRecommendations
FN:14,(anonymous_9)
FNF:2
FNH:2
FNDA:3,createManyRecommendations
FNDA:27,(anonymous_9)
DA:5,3
DA:6,3
DA:7,30
DA:14,3
DA:15,27
DA:16,27
DA:18,0
DA:21,3
DA:22,3
LF:9
LH:8
BRDA:15,0,0,27
BRF:1
BRH:1
end_of_record
TN:
SF:tests/Utils/createRecommendation.ts
FN:7,createRecommendation
FNF:1
FNH:1
FNDA:3,createRecommendation
DA:8,3
DA:9,3
DA:10,3
DA:15,3
LF:4
LH:4
BRF:0
BRH:0
end_of_record
